[debug] > Exec(test, None, None)
[debug] Evaluating tasks: Test / test
[debug] Running task... Cancel: Signal, check cycles: false, forcegc: true
[info] compiling 3 Scala sources to C:\Users\lansrod\IdeaProjects\exercism\target\scala-2.12\classes ...
[info] done compiling
[info] compiling 3 Scala sources to C:\Users\lansrod\IdeaProjects\exercism\target\scala-2.12\test-classes ...
[info] done compiling
[info] HelloWorldTest:
[info] - verify Hello, World is OK!
[info] TwoFerTest:
[info] - no name given
[info] - a name given
[info] - another name given (pending)
[info] LeapTest:
[info] - check a year not divisible by 4
[info] - check a year divisible only by 4
[info] - check a year divisible by 400
[info] - check a year divisible by 100 but not 400
[info] Run completed in 313 milliseconds.
[info] Total number of tests run: 7
[info] Suites: completed 3, aborted 0
[info] Tests: succeeded 7, failed 0, canceled 0, ignored 0, pending 1
[info] All tests passed.
[success] Total time: 6 s, completed 14 mars 2021 18:11:53
[debug] > Exec(idea-shell, None, None)
