[0m[[0m[0mdebug[0m] [0m[0m> Exec(early(addDefaultCommands), None, None)[0m
[0m[[0m[0mdebug[0m] [0m[0m> Exec(addDefaultCommands, None, None)[0m
[0m[[0m[0mdebug[0m] [0m[0m> Exec(early(initialize), None, None)[0m
[0m[[0m[0mdebug[0m] [0m[0m> Exec(initialize, None, None)[0m
[0m[[0m[0mdebug[0m] [0m[0m> Exec(--addPluginSbtFile=C:\Users\lansrod\AppData\Local\Temp\idea695.sbt, None, None)[0m
[0m[[0m[0mdebug[0m] [0m[0m> Exec(addPluginSbtFile=C:\Users\lansrod\AppData\Local\Temp\idea695.sbt, None, None)[0m
[0m[[0m[0mdebug[0m] [0m[0m> Exec(boot, None, None)[0m
[0m[[0m[0mdebug[0m] [0m[0m> Exec(writeSbtVersion, None, None)[0m
[0m[[0m[0mdebug[0m] [0m[0m> Exec(reload, None, None)[0m
[0m[[0m[0mdebug[0m] [0m[0m> Exec(sbtStashOnFailure, None, None)[0m
[0m[[0m[0mdebug[0m] [0m[0m> Exec(onFailure loadFailed, None, None)[0m
[0m[[0m[0mdebug[0m] [0m[0m> Exec(loadp, None, None)[0m
[0m[[0m[0minfo[0m] [0m[0mwelcome to sbt 1.4.7 (Oracle Corporation Java 1.8.0_191)[0m
[0m[[0m[0mdebug[0m] [0m[0m      Load.loadUnit: plugins took 177.4686ms[0m
[0m[[0m[0mdebug[0m] [0m[0m      Load.loadUnit: defsScala took 0.7323ms[0m
[0m[[0m[0mdebug[0m] [0m[0m[Loading] Scanning directory C:\Users\lansrod\.sbt\1.0\plugins[0m
[0m[[0m[0mdebug[0m] [0m[0m[Loading] Found non-root projects [0m
[0m[[0m[0mdebug[0m] [0m[0m[Loading] Done in C:\Users\lansrod\.sbt\1.0\plugins, returning: ()[0m
[0m[[0m[0mdebug[0m] [0m[0mdeducing auto plugins based on known facts Set(Atom(sbt.plugins.CorePlugin)) and clauses Clauses(List(Clause(Atom(sbt.plugins.JvmPlugin),Set(Atom(sbt.plugins.IvyPlugin))), Clause(Atom(sbt.ScriptedPlugin),Set(Atom(sbt.plugins.JvmPlugin))), Clause(Atom(sbt.plugins.SbtPlugin),Set(Atom(sbt.ScriptedPlugin))), Clause(Atom(sbt.plugins.SemanticdbPlugin),Set(Atom(sbt.plugins.JvmPlugin))), Clause(Atom(sbt.plugins.JUnitXmlReportPlugin),Set(Atom(sbt.plugins.JvmPlugin))), Clause(Atom(sbt.plugins.MiniDependencyTreePlugin),Set(Atom(sbt.plugins.JvmPlugin))), Clause(Atom(sbt.plugins.CorePlugin),Set(Atom(sbt.plugins.IvyPlugin))), Clause(Atom(sbt.plugins.IvyPlugin),Set(Atom(sbt.plugins.JvmPlugin))), Clause(Atom(sbt.plugins.JvmPlugin),Set(Atom(sbt.plugins.SemanticdbPlugin))), Clause(Atom(sbt.plugins.JvmPlugin),Set(Atom(sbt.plugins.JUnitXmlReportPlugin))), Clause(Atom(sbt.plugins.CorePlugin),Set(Atom(sbt.plugins.Giter8TemplatePlugin))), Clause(Atom(sbt.plugins.JvmPlugin),Set(Atom(sbt.plugins.MiniDependencyTreePlugin)))))[0m
[0m[[0m[0mdebug[0m] [0m[0m  :: deduced result: Matched(sbt.plugins.CorePlugin,sbt.plugins.Giter8TemplatePlugin,sbt.plugins.IvyPlugin,sbt.plugins.JvmPlugin,sbt.plugins.MiniDependencyTreePlugin,sbt.plugins.JUnitXmlReportPlugin,sbt.plugins.SemanticdbPlugin)[0m
[0m[[0m[0mdebug[0m] [0m[0mPlugins.deducer#function took 42.4808 ms[0m
[0m[[0m[0mdebug[0m] [0m[0m          Load.resolveProject(global-plugins) took 100.2605ms[0m
[0m[[0m[0mdebug[0m] [0m[0m        Load.loadTransitive: finalizeProject(Project(id global-plugins, base: C:\Users\lansrod\.sbt\1.0\plugins, plugins: List(<none>))) took 192.2959ms[0m
[0m[[0m[0mdebug[0m] [0m[0m[Loading] Done in C:\Users\lansrod\.sbt\1.0\plugins, returning: (global-plugins)[0m
[0m[[0m[0mdebug[0m] [0m[0m      Load.loadUnit: loadedProjectsRaw took 238.7613ms[0m
[0m[[0m[0mdebug[0m] [0m[0m      Load.loadUnit: cleanEvalClasses took 0.4454ms[0m
[0m[[0m[0mdebug[0m] [0m[0m    Load.loadUnit(file:/C:/Users/lansrod/.sbt/1.0/plugins/, ...) took 436.4702ms[0m
[0m[[0m[0mdebug[0m] [0m[0m  Load.apply: load took 770.5289ms[0m
[0m[[0m[0mdebug[0m] [0m[0m  Load.apply: resolveProjects took 11.7062ms[0m
[0m[[0m[0mdebug[0m] [0m[0m  Load.apply: finalTransforms took 104.238ms[0m
[0m[[0m[0mdebug[0m] [0m[0m  Load.apply: config.delegates took 17.8362ms[0m
[0m[[0m[0mdebug[0m] [0m[0m  Load.apply: Def.make(settings)... took 1668.5543ms[0m
[0m[[0m[0mdebug[0m] [0m[0m  Load.apply: structureIndex took 191.3936ms[0m
[0m[[0m[0mdebug[0m] [0m[0m  Load.apply: mkStreams took 3.2372ms[0m
[0m[[0m[0minfo[0m] [0m[0mloading global plugins from C:\Users\lansrod\.sbt\1.0\plugins[0m
[0m[[0m[0mdebug[0m] [0m[0mRunning task... Cancel: Signal, check cycles: false, forcegc: true[0m
[0m[[0m[0mdebug[0m] [0m[0mLoad.defaultLoad until apply took 7082.9517ms[0m
[0m[[0m[0mdebug[0m] [0m[0m          Load.loadUnit: plugins took 69.2389ms[0m
[0m[[0m[0mdebug[0m] [0m[0m          Load.loadUnit: defsScala took 0.0079ms[0m
[0m[[0m[0mdebug[0m] [0m[0m[Loading] Scanning directory C:\Users\lansrod\IdeaProjects\exercism\project[0m
[0m[[0m[0mdebug[0m] [0m[0m            Load.loadUnit: mkEval took 22.1763ms[0m
[0m[[0m[0mdebug[0m] [0m[0m[Loading] Found non-root projects [0m
[0m[[0m[0mdebug[0m] [0m[0m[Loading] Done in C:\Users\lansrod\IdeaProjects\exercism\project, returning: ()[0m
[0m[[0m[0mdebug[0m] [0m[0mdeducing auto plugins based on known facts Set(Atom(sbt.plugins.CorePlugin)) and clauses Clauses(List(Clause(Atom(sbt.plugins.JvmPlugin),Set(Atom(sbt.plugins.IvyPlugin))), Clause(Atom(sbt.ScriptedPlugin),Set(Atom(sbt.plugins.JvmPlugin))), Clause(Atom(sbt.plugins.SbtPlugin),Set(Atom(sbt.ScriptedPlugin))), Clause(Atom(sbt.plugins.SemanticdbPlugin),Set(Atom(sbt.plugins.JvmPlugin))), Clause(Atom(sbt.plugins.JUnitXmlReportPlugin),Set(Atom(sbt.plugins.JvmPlugin))), Clause(Atom(sbt.plugins.MiniDependencyTreePlugin),Set(Atom(sbt.plugins.JvmPlugin))), Clause(Atom(sbt.plugins.CorePlugin),Set(Atom(sbt.plugins.IvyPlugin))), Clause(Atom(sbt.plugins.IvyPlugin),Set(Atom(sbt.plugins.JvmPlugin))), Clause(Atom(sbt.plugins.JvmPlugin),Set(Atom(sbt.plugins.SemanticdbPlugin))), Clause(Atom(sbt.plugins.JvmPlugin),Set(Atom(sbt.plugins.JUnitXmlReportPlugin))), Clause(Atom(sbt.plugins.CorePlugin),Set(Atom(sbt.plugins.Giter8TemplatePlugin))), Clause(Atom(sbt.plugins.JvmPlugin),Set(Atom(sbt.plugins.MiniDependencyTreePlugin)))))[0m
[0m[[0m[0mdebug[0m] [0m[0m  :: deduced result: Matched(sbt.plugins.CorePlugin,sbt.plugins.Giter8TemplatePlugin,sbt.plugins.IvyPlugin,sbt.plugins.JvmPlugin,sbt.plugins.MiniDependencyTreePlugin,sbt.plugins.JUnitXmlReportPlugin,sbt.plugins.SemanticdbPlugin)[0m
[0m[[0m[0mdebug[0m] [0m[0mPlugins.deducer#function took 4.2976 ms[0m
[0m[[0m[0minfo[0m] [0m[0mloading settings for project exercism-build from idea695.sbt ...[0m
[0m[[0m[0mdebug[0m] [0m[0m              Load.resolveProject(exercism-build) took 94.1802ms[0m
[0m[[0m[0mdebug[0m] [0m[0m            Load.loadTransitive: finalizeProject(Project(id exercism-build, base: C:\Users\lansrod\IdeaProjects\exercism\project, plugins: List(<none>))) took 99.9588ms[0m
[0m[[0m[0mdebug[0m] [0m[0m[Loading] Done in C:\Users\lansrod\IdeaProjects\exercism\project, returning: (exercism-build)[0m
[0m[[0m[0mdebug[0m] [0m[0m          Load.loadUnit: loadedProjectsRaw took 434.0105ms[0m
[0m[[0m[0mdebug[0m] [0m[0m          Load.loadUnit: cleanEvalClasses took 13.564ms[0m
[0m[[0m[0mdebug[0m] [0m[0m        Load.loadUnit(file:/C:/Users/lansrod/IdeaProjects/exercism/project/, ...) took 519.0352ms[0m
[0m[[0m[0mdebug[0m] [0m[0m      Load.apply: load took 521.8568ms[0m
[0m[[0m[0mdebug[0m] [0m[0m      Load.apply: resolveProjects took 0.2029ms[0m
[0m[[0m[0mdebug[0m] [0m[0m      Load.apply: finalTransforms took 21.2418ms[0m
[0m[[0m[0mdebug[0m] [0m[0m      Load.apply: config.delegates took 0.9963ms[0m
[0m[[0m[0mdebug[0m] [0m[0m      Load.apply: Def.make(settings)... took 145.2297ms[0m
[0m[[0m[0mdebug[0m] [0m[0m      Load.apply: structureIndex took 49.6943ms[0m
[0m[[0m[0mdebug[0m] [0m[0m      Load.apply: mkStreams took 0.0257ms[0m
[0m[[0m[0minfo[0m] [0m[0mloading project definition from C:\Users\lansrod\IdeaProjects\exercism\project[0m
[0m[[0m[0mdebug[0m] [0m[0mRunning task... Cancel: Signal, check cycles: false, forcegc: true[0m
[0m[[0m[31merror[0m] [0m[0mlmcoursier.internal.shaded.coursier.error.FetchError$DownloadingArtifacts: Error fetching artifacts:[0m
[0m[[0m[31merror[0m] [0m[0mfile:///C:/Users/lansrod/.IdeaIC2018.3/config/plugins/Scala/repo/org.jetbrains/sbt-idea-shell/scala_2.12/sbt_1.0/2018.3/srcs/sbt-idea-shell-sources.jar: not found: C:\Users\lansrod\.IdeaIC2018.3\config\plugins\Scala\repo\org.jetbrains\sbt-idea-shell\scala_2.12\sbt_1.0\2018.3\srcs\sbt-idea-shell-sources.jar[0m
[0m[[0m[31merror[0m] [0m[0mfile:///C:/Users/lansrod/.IdeaIC2018.3/config/plugins/Scala/repo/org.jetbrains/sbt-idea-shell/scala_2.12/sbt_1.0/2018.3/docs/sbt-idea-shell-javadoc.jar: not found: C:\Users\lansrod\.IdeaIC2018.3\config\plugins\Scala\repo\org.jetbrains\sbt-idea-shell\scala_2.12\sbt_1.0\2018.3\docs\sbt-idea-shell-javadoc.jar[0m
[0m[[0m[31merror[0m] [0m[0m[0m
[0m[[0m[31merror[0m] [0m[0m	at lmcoursier.internal.shaded.coursier.Artifacts$.$anonfun$fetchArtifacts$9(Artifacts.scala:346)[0m
[0m[[0m[31merror[0m] [0m[0m	at lmcoursier.internal.shaded.coursier.util.Task$.$anonfun$flatMap$extension$1(Task.scala:14)[0m
[0m[[0m[31merror[0m] [0m[0m	at lmcoursier.internal.shaded.coursier.util.Task$.$anonfun$flatMap$extension$1$adapted(Task.scala:14)[0m
[0m[[0m[31merror[0m] [0m[0m	at lmcoursier.internal.shaded.coursier.util.Task$.wrap(Task.scala:84)[0m
[0m[[0m[31merror[0m] [0m[0m	at lmcoursier.internal.shaded.coursier.util.Task$.$anonfun$flatMap$2(Task.scala:14)[0m
[0m[[0m[31merror[0m] [0m[0m	at scala.concurrent.Future.$anonfun$flatMap$1(Future.scala:307)[0m
[0m[[0m[31merror[0m] [0m[0m	at scala.concurrent.impl.Promise.$anonfun$transformWith$1(Promise.scala:41)[0m
[0m[[0m[31merror[0m] [0m[0m	at scala.concurrent.impl.CallbackRunnable.run(Promise.scala:64)[0m
[0m[[0m[31merror[0m] [0m[0m	at java.util.concurrent.ThreadPoolExecutor.runWorker(ThreadPoolExecutor.java:1149)[0m
[0m[[0m[31merror[0m] [0m[0m	at java.util.concurrent.ThreadPoolExecutor$Worker.run(ThreadPoolExecutor.java:624)[0m
[0m[[0m[31merror[0m] [0m[0m	at java.lang.Thread.run(Thread.java:748)[0m
[0m[[0m[31merror[0m] [0m[0mCaused by: lmcoursier.internal.shaded.coursier.cache.ArtifactError$NotFound: not found: C:\Users\lansrod\.IdeaIC2018.3\config\plugins\Scala\repo\org.jetbrains\sbt-idea-shell\scala_2.12\sbt_1.0\2018.3\srcs\sbt-idea-shell-sources.jar[0m
[0m[[0m[31merror[0m] [0m[0m	at lmcoursier.internal.shaded.coursier.cache.FileCache.$anonfun$download$62(FileCache.scala:564)[0m
[0m[[0m[31merror[0m] [0m[0m	at scala.concurrent.Future$.$anonfun$apply$1(Future.scala:659)[0m
[0m[[0m[31merror[0m] [0m[0m	at scala.util.Success.$anonfun$map$1(Try.scala:255)[0m
[0m[[0m[31merror[0m] [0m[0m	at scala.util.Success.map(Try.scala:213)[0m
[0m[[0m[31merror[0m] [0m[0m	at scala.concurrent.Future.$anonfun$map$1(Future.scala:292)[0m
[0m[[0m[31merror[0m] [0m[0m	at scala.concurrent.impl.Promise.liftedTree1$1(Promise.scala:33)[0m
[0m[[0m[31merror[0m] [0m[0m	at scala.concurrent.impl.Promise.$anonfun$transform$1(Promise.scala:33)[0m
[0m[[0m[31merror[0m] [0m[0m	at scala.concurrent.impl.CallbackRunnable.run(Promise.scala:64)[0m
[0m[[0m[31merror[0m] [0m[0m	at java.util.concurrent.ThreadPoolExecutor.runWorker(ThreadPoolExecutor.java:1149)[0m
[0m[[0m[31merror[0m] [0m[0m	at java.util.concurrent.ThreadPoolExecutor$Worker.run(ThreadPoolExecutor.java:624)[0m
[0m[[0m[31merror[0m] [0m[0m	at java.lang.Thread.run(Thread.java:748)[0m
[0m[[0m[31merror[0m] [0m[0m([31mupdate[0m) lmcoursier.internal.shaded.coursier.error.FetchError$DownloadingArtifacts: Error fetching artifacts:[0m
[0m[[0m[31merror[0m] [0m[0mfile:///C:/Users/lansrod/.IdeaIC2018.3/config/plugins/Scala/repo/org.jetbrains/sbt-idea-shell/scala_2.12/sbt_1.0/2018.3/srcs/sbt-idea-shell-sources.jar: not found: C:\Users\lansrod\.IdeaIC2018.3\config\plugins\Scala\repo\org.jetbrains\sbt-idea-shell\scala_2.12\sbt_1.0\2018.3\srcs\sbt-idea-shell-sources.jar[0m
[0m[[0m[31merror[0m] [0m[0mfile:///C:/Users/lansrod/.IdeaIC2018.3/config/plugins/Scala/repo/org.jetbrains/sbt-idea-shell/scala_2.12/sbt_1.0/2018.3/docs/sbt-idea-shell-javadoc.jar: not found: C:\Users\lansrod\.IdeaIC2018.3\config\plugins\Scala\repo\org.jetbrains\sbt-idea-shell\scala_2.12\sbt_1.0\2018.3\docs\sbt-idea-shell-javadoc.jar[0m
[0m[[0m[0mdebug[0m] [0m[0m> Exec(loadFailed, None, None)[0m
[0m[[0m[33mwarn[0m] [0m[0mProject loading failed: (r)etry, (q)uit, (l)ast, or (i)gnore? (default: r)[0m
