[0m[[0m[0mdebug[0m] [0m[0m> Exec(reload, None, None)[0m
[0m[[0m[0mdebug[0m] [0m[0m> Exec(sbtStashOnFailure, None, None)[0m
[0m[[0m[0mdebug[0m] [0m[0m> Exec(onFailure loadFailed, None, None)[0m
[0m[[0m[0mdebug[0m] [0m[0m> Exec(loadp, None, None)[0m
[0m[[0m[0minfo[0m] [0m[0mwelcome to sbt 1.4.7 (Oracle Corporation Java 1.8.0_191)[0m
[0m[[0m[0mdebug[0m] [0m[0m                  Load.loadUnit: plugins took 21.9206ms[0m
[0m[[0m[0mdebug[0m] [0m[0m                  Load.loadUnit: defsScala took 0.0029ms[0m
[0m[[0m[0mdebug[0m] [0m[0m[Loading] Scanning directory C:\Users\lansrod\.sbt\1.0\plugins[0m
[0m[[0m[0mdebug[0m] [0m[0m[Loading] Found non-root projects [0m
[0m[[0m[0mdebug[0m] [0m[0m[Loading] Done in C:\Users\lansrod\.sbt\1.0\plugins, returning: ()[0m
[0m[[0m[0mdebug[0m] [0m[0mdeducing auto plugins based on known facts Set(Atom(sbt.plugins.CorePlugin)) and clauses Clauses(List(Clause(Atom(sbt.plugins.JvmPlugin),Set(Atom(sbt.plugins.IvyPlugin))), Clause(Atom(sbt.ScriptedPlugin),Set(Atom(sbt.plugins.JvmPlugin))), Clause(Atom(sbt.plugins.SbtPlugin),Set(Atom(sbt.ScriptedPlugin))), Clause(Atom(sbt.plugins.SemanticdbPlugin),Set(Atom(sbt.plugins.JvmPlugin))), Clause(Atom(sbt.plugins.JUnitXmlReportPlugin),Set(Atom(sbt.plugins.JvmPlugin))), Clause(Atom(sbt.plugins.MiniDependencyTreePlugin),Set(Atom(sbt.plugins.JvmPlugin))), Clause(Atom(sbt.plugins.CorePlugin),Set(Atom(sbt.plugins.IvyPlugin))), Clause(Atom(sbt.plugins.IvyPlugin),Set(Atom(sbt.plugins.JvmPlugin))), Clause(Atom(sbt.plugins.JvmPlugin),Set(Atom(sbt.plugins.SemanticdbPlugin))), Clause(Atom(sbt.plugins.JvmPlugin),Set(Atom(sbt.plugins.JUnitXmlReportPlugin))), Clause(Atom(sbt.plugins.CorePlugin),Set(Atom(sbt.plugins.Giter8TemplatePlugin))), Clause(Atom(sbt.plugins.JvmPlugin),Set(Atom(sbt.plugins.MiniDependencyTreePlugin)))))[0m
[0m[[0m[0mdebug[0m] [0m[0m  :: deduced result: Matched(sbt.plugins.CorePlugin,sbt.plugins.Giter8TemplatePlugin,sbt.plugins.IvyPlugin,sbt.plugins.JvmPlugin,sbt.plugins.MiniDependencyTreePlugin,sbt.plugins.JUnitXmlReportPlugin,sbt.plugins.SemanticdbPlugin)[0m
[0m[[0m[0mdebug[0m] [0m[0mPlugins.deducer#function took 0.7726 ms[0m
[0m[[0m[0mdebug[0m] [0m[0m                      Load.resolveProject(global-plugins) took 0.8337ms[0m
[0m[[0m[0mdebug[0m] [0m[0m                    Load.loadTransitive: finalizeProject(Project(id global-plugins, base: C:\Users\lansrod\.sbt\1.0\plugins, plugins: List(<none>))) took 1.8578ms[0m
[0m[[0m[0mdebug[0m] [0m[0m[Loading] Done in C:\Users\lansrod\.sbt\1.0\plugins, returning: (global-plugins)[0m
[0m[[0m[0mdebug[0m] [0m[0m                  Load.loadUnit: loadedProjectsRaw took 6.4592ms[0m
[0m[[0m[0mdebug[0m] [0m[0m                  Load.loadUnit: cleanEvalClasses took 0.007ms[0m
[0m[[0m[0mdebug[0m] [0m[0m                Load.loadUnit(file:/C:/Users/lansrod/.sbt/1.0/plugins/, ...) took 29.0065ms[0m
[0m[[0m[0mdebug[0m] [0m[0m              Load.apply: load took 29.7781ms[0m
[0m[[0m[0mdebug[0m] [0m[0m              Load.apply: resolveProjects took 0.1005ms[0m
[0m[[0m[0mdebug[0m] [0m[0m              Load.apply: finalTransforms took 3.3768ms[0m
[0m[[0m[0mdebug[0m] [0m[0m              Load.apply: config.delegates took 0.222ms[0m
[0m[[0m[0mdebug[0m] [0m[0m              Load.apply: Def.make(settings)... took 42.7729ms[0m
[0m[[0m[0mdebug[0m] [0m[0m              Load.apply: structureIndex took 14.011ms[0m
[0m[[0m[0mdebug[0m] [0m[0m              Load.apply: mkStreams took 0.002ms[0m
[0m[[0m[0minfo[0m] [0m[0mloading global plugins from C:\Users\lansrod\.sbt\1.0\plugins[0m
[0m[[0m[0mdebug[0m] [0m[0mRunning task... Cancel: Signal, check cycles: false, forcegc: true[0m
[0m[[0m[0mdebug[0m] [0m[0m            Load.defaultLoad until apply took 231.3168ms[0m
[0m[[0m[0mdebug[0m] [0m[0m                      Load.loadUnit: plugins took 19.66ms[0m
[0m[[0m[0mdebug[0m] [0m[0m                      Load.loadUnit: defsScala took 0.0045ms[0m
[0m[[0m[0mdebug[0m] [0m[0m[Loading] Scanning directory C:\Users\lansrod\IdeaProjects\exercism\project[0m
[0m[[0m[0mdebug[0m] [0m[0m                        Load.loadUnit: mkEval took 0.3404ms[0m
[0m[[0m[0mdebug[0m] [0m[0m[Loading] Found non-root projects [0m
[0m[[0m[0mdebug[0m] [0m[0m[Loading] Done in C:\Users\lansrod\IdeaProjects\exercism\project, returning: ()[0m
[0m[[0m[0mdebug[0m] [0m[0mdeducing auto plugins based on known facts Set(Atom(sbt.plugins.CorePlugin)) and clauses Clauses(List(Clause(Atom(sbt.plugins.JvmPlugin),Set(Atom(sbt.plugins.IvyPlugin))), Clause(Atom(sbt.ScriptedPlugin),Set(Atom(sbt.plugins.JvmPlugin))), Clause(Atom(sbt.plugins.SbtPlugin),Set(Atom(sbt.ScriptedPlugin))), Clause(Atom(sbt.plugins.SemanticdbPlugin),Set(Atom(sbt.plugins.JvmPlugin))), Clause(Atom(sbt.plugins.JUnitXmlReportPlugin),Set(Atom(sbt.plugins.JvmPlugin))), Clause(Atom(sbt.plugins.MiniDependencyTreePlugin),Set(Atom(sbt.plugins.JvmPlugin))), Clause(Atom(sbt.plugins.CorePlugin),Set(Atom(sbt.plugins.IvyPlugin))), Clause(Atom(sbt.plugins.IvyPlugin),Set(Atom(sbt.plugins.JvmPlugin))), Clause(Atom(sbt.plugins.JvmPlugin),Set(Atom(sbt.plugins.SemanticdbPlugin))), Clause(Atom(sbt.plugins.JvmPlugin),Set(Atom(sbt.plugins.JUnitXmlReportPlugin))), Clause(Atom(sbt.plugins.CorePlugin),Set(Atom(sbt.plugins.Giter8TemplatePlugin))), Clause(Atom(sbt.plugins.JvmPlugin),Set(Atom(sbt.plugins.MiniDependencyTreePlugin)))))[0m
[0m[[0m[0mdebug[0m] [0m[0m  :: deduced result: Matched(sbt.plugins.CorePlugin,sbt.plugins.Giter8TemplatePlugin,sbt.plugins.IvyPlugin,sbt.plugins.JvmPlugin,sbt.plugins.MiniDependencyTreePlugin,sbt.plugins.JUnitXmlReportPlugin,sbt.plugins.SemanticdbPlugin)[0m
[0m[[0m[0mdebug[0m] [0m[0mPlugins.deducer#function took 1.2895 ms[0m
[0m[[0m[0minfo[0m] [0m[0mloading settings for project exercism-build from idea1.sbt ...[0m
[0m[[0m[0mdebug[0m] [0m[0m                          Load.resolveProject(exercism-build) took 4.7535ms[0m
[0m[[0m[0mdebug[0m] [0m[0m                        Load.loadTransitive: finalizeProject(Project(id exercism-build, base: C:\Users\lansrod\IdeaProjects\exercism\project, plugins: List(<none>))) took 6.4912ms[0m
[0m[[0m[0mdebug[0m] [0m[0m[Loading] Done in C:\Users\lansrod\IdeaProjects\exercism\project, returning: (exercism-build)[0m
[0m[[0m[0mdebug[0m] [0m[0m                      Load.loadUnit: loadedProjectsRaw took 22.1808ms[0m
[0m[[0m[0mdebug[0m] [0m[0m                      Load.loadUnit: cleanEvalClasses took 1.1663ms[0m
[0m[[0m[0mdebug[0m] [0m[0m                    Load.loadUnit(file:/C:/Users/lansrod/IdeaProjects/exercism/project/, ...) took 43.7913ms[0m
[0m[[0m[0mdebug[0m] [0m[0m                  Load.apply: load took 44.5359ms[0m
[0m[[0m[0mdebug[0m] [0m[0m                  Load.apply: resolveProjects took 0.0643ms[0m
[0m[[0m[0mdebug[0m] [0m[0m                  Load.apply: finalTransforms took 3.2176ms[0m
[0m[[0m[0mdebug[0m] [0m[0m                  Load.apply: config.delegates took 0.1741ms[0m
[0m[[0m[0mdebug[0m] [0m[0m                  Load.apply: Def.make(settings)... took 33.8936ms[0m
[0m[[0m[0mdebug[0m] [0m[0m                  Load.apply: structureIndex took 15.3554ms[0m
[0m[[0m[0mdebug[0m] [0m[0m                  Load.apply: mkStreams took 0.0024ms[0m
[0m[[0m[0minfo[0m] [0m[0mloading project definition from C:\Users\lansrod\IdeaProjects\exercism\project[0m
[0m[[0m[0mdebug[0m] [0m[0mRunning task... Cancel: Signal, check cycles: false, forcegc: true[0m
[0m[[0m[31merror[0m] [0m[0mlmcoursier.internal.shaded.coursier.error.FetchError$DownloadingArtifacts: Error fetching artifacts:[0m
[0m[[0m[31merror[0m] [0m[0mfile:///C:/Users/lansrod/.IdeaIC2018.3/config/plugins/Scala/repo/org.jetbrains/sbt-idea-shell/scala_2.12/sbt_1.0/2018.3/srcs/sbt-idea-shell-sources.jar: not found: C:\Users\lansrod\.IdeaIC2018.3\config\plugins\Scala\repo\org.jetbrains\sbt-idea-shell\scala_2.12\sbt_1.0\2018.3\srcs\sbt-idea-shell-sources.jar[0m
[0m[[0m[31merror[0m] [0m[0mfile:///C:/Users/lansrod/.IdeaIC2018.3/config/plugins/Scala/repo/org.jetbrains/sbt-idea-shell/scala_2.12/sbt_1.0/2018.3/docs/sbt-idea-shell-javadoc.jar: not found: C:\Users\lansrod\.IdeaIC2018.3\config\plugins\Scala\repo\org.jetbrains\sbt-idea-shell\scala_2.12\sbt_1.0\2018.3\docs\sbt-idea-shell-javadoc.jar[0m
[0m[[0m[31merror[0m] [0m[0m[0m
[0m[[0m[31merror[0m] [0m[0m	at lmcoursier.internal.shaded.coursier.Artifacts$.$anonfun$fetchArtifacts$9(Artifacts.scala:346)[0m
[0m[[0m[31merror[0m] [0m[0m	at lmcoursier.internal.shaded.coursier.util.Task$.$anonfun$flatMap$extension$1(Task.scala:14)[0m
[0m[[0m[31merror[0m] [0m[0m	at lmcoursier.internal.shaded.coursier.util.Task$.$anonfun$flatMap$extension$1$adapted(Task.scala:14)[0m
[0m[[0m[31merror[0m] [0m[0m	at lmcoursier.internal.shaded.coursier.util.Task$.wrap(Task.scala:84)[0m
[0m[[0m[31merror[0m] [0m[0m	at lmcoursier.internal.shaded.coursier.util.Task$.$anonfun$flatMap$2(Task.scala:14)[0m
[0m[[0m[31merror[0m] [0m[0m	at scala.concurrent.Future.$anonfun$flatMap$1(Future.scala:307)[0m
[0m[[0m[31merror[0m] [0m[0m	at scala.concurrent.impl.Promise.$anonfun$transformWith$1(Promise.scala:41)[0m
[0m[[0m[31merror[0m] [0m[0m	at scala.concurrent.impl.CallbackRunnable.run(Promise.scala:64)[0m
[0m[[0m[31merror[0m] [0m[0m	at java.util.concurrent.ThreadPoolExecutor.runWorker(ThreadPoolExecutor.java:1149)[0m
[0m[[0m[31merror[0m] [0m[0m	at java.util.concurrent.ThreadPoolExecutor$Worker.run(ThreadPoolExecutor.java:624)[0m
[0m[[0m[31merror[0m] [0m[0m	at java.lang.Thread.run(Thread.java:748)[0m
[0m[[0m[31merror[0m] [0m[0mCaused by: lmcoursier.internal.shaded.coursier.cache.ArtifactError$NotFound: not found: C:\Users\lansrod\.IdeaIC2018.3\config\plugins\Scala\repo\org.jetbrains\sbt-idea-shell\scala_2.12\sbt_1.0\2018.3\srcs\sbt-idea-shell-sources.jar[0m
[0m[[0m[31merror[0m] [0m[0m	at lmcoursier.internal.shaded.coursier.cache.FileCache.$anonfun$download$62(FileCache.scala:564)[0m
[0m[[0m[31merror[0m] [0m[0m	at scala.concurrent.Future$.$anonfun$apply$1(Future.scala:659)[0m
[0m[[0m[31merror[0m] [0m[0m	at scala.util.Success.$anonfun$map$1(Try.scala:255)[0m
[0m[[0m[31merror[0m] [0m[0m	at scala.util.Success.map(Try.scala:213)[0m
[0m[[0m[31merror[0m] [0m[0m	at scala.concurrent.Future.$anonfun$map$1(Future.scala:292)[0m
[0m[[0m[31merror[0m] [0m[0m	at scala.concurrent.impl.Promise.liftedTree1$1(Promise.scala:33)[0m
[0m[[0m[31merror[0m] [0m[0m	at scala.concurrent.impl.Promise.$anonfun$transform$1(Promise.scala:33)[0m
[0m[[0m[31merror[0m] [0m[0m	at scala.concurrent.impl.CallbackRunnable.run(Promise.scala:64)[0m
[0m[[0m[31merror[0m] [0m[0m	at java.util.concurrent.ThreadPoolExecutor.runWorker(ThreadPoolExecutor.java:1149)[0m
[0m[[0m[31merror[0m] [0m[0m	at java.util.concurrent.ThreadPoolExecutor$Worker.run(ThreadPoolExecutor.java:624)[0m
[0m[[0m[31merror[0m] [0m[0m	at java.lang.Thread.run(Thread.java:748)[0m
[0m[[0m[31merror[0m] [0m[0m([31mupdate[0m) lmcoursier.internal.shaded.coursier.error.FetchError$DownloadingArtifacts: Error fetching artifacts:[0m
[0m[[0m[31merror[0m] [0m[0mfile:///C:/Users/lansrod/.IdeaIC2018.3/config/plugins/Scala/repo/org.jetbrains/sbt-idea-shell/scala_2.12/sbt_1.0/2018.3/srcs/sbt-idea-shell-sources.jar: not found: C:\Users\lansrod\.IdeaIC2018.3\config\plugins\Scala\repo\org.jetbrains\sbt-idea-shell\scala_2.12\sbt_1.0\2018.3\srcs\sbt-idea-shell-sources.jar[0m
[0m[[0m[31merror[0m] [0m[0mfile:///C:/Users/lansrod/.IdeaIC2018.3/config/plugins/Scala/repo/org.jetbrains/sbt-idea-shell/scala_2.12/sbt_1.0/2018.3/docs/sbt-idea-shell-javadoc.jar: not found: C:\Users\lansrod\.IdeaIC2018.3\config\plugins\Scala\repo\org.jetbrains\sbt-idea-shell\scala_2.12\sbt_1.0\2018.3\docs\sbt-idea-shell-javadoc.jar[0m
[0m[[0m[0mdebug[0m] [0m[0m> Exec(loadFailed, None, None)[0m
[0m[[0m[33mwarn[0m] [0m[0mProject loading failed: (r)etry, (q)uit, (l)ast, or (i)gnore? (default: r)[0m
